  Main.cpp
C:\Users\52553\Desktop\315337969_ProyectoFinal_Grupo9\ProyectoFinal\ProyectoFinal\Main.cpp(380,24): warning C4244: 'inicializando': conversión de 'double' a 'GLfloat'; posible pérdida de datos
C:\Users\52553\Desktop\315337969_ProyectoFinal_Grupo9\ProyectoFinal\ProyectoFinal\Main.cpp(775,15): warning C4305: '+=': truncamiento de 'double' a 'float'
C:\Users\52553\Desktop\315337969_ProyectoFinal_Grupo9\ProyectoFinal\ProyectoFinal\Main.cpp(781,15): warning C4305: '-=': truncamiento de 'double' a 'float'
C:\Users\52553\Desktop\315337969_ProyectoFinal_Grupo9\ProyectoFinal\ProyectoFinal\Main.cpp(786,15): warning C4305: '+=': truncamiento de 'double' a 'float'
C:\Users\52553\Desktop\315337969_ProyectoFinal_Grupo9\ProyectoFinal\ProyectoFinal\Main.cpp(791,15): warning C4305: '-=': truncamiento de 'double' a 'float'
C:\Users\52553\Desktop\315337969_ProyectoFinal_Grupo9\ProyectoFinal\ProyectoFinal\Main.cpp(906,16): warning C4305: '+=': truncamiento de 'double' a 'float'
C:\Users\52553\Desktop\315337969_ProyectoFinal_Grupo9\ProyectoFinal\ProyectoFinal\Main.cpp(914,16): warning C4305: '-=': truncamiento de 'double' a 'float'
C:\Users\52553\Desktop\315337969_ProyectoFinal_Grupo9\ProyectoFinal\ProyectoFinal\Main.cpp(1180,11): warning C4244: '=': conversión de 'double' a 'GLfloat'; posible pérdida de datos
C:\Users\52553\Desktop\315337969_ProyectoFinal_Grupo9\ProyectoFinal\ProyectoFinal\Main.cpp(1181,11): warning C4244: '=': conversión de 'double' a 'GLfloat'; posible pérdida de datos
C:\Users\52553\Desktop\315337969_ProyectoFinal_Grupo9\ProyectoFinal\ProyectoFinal\Main.cpp(1185,18): warning C4244: 'inicializando': conversión de 'double' a 'GLfloat'; posible pérdida de datos
C:\Users\52553\Desktop\315337969_ProyectoFinal_Grupo9\ProyectoFinal\ProyectoFinal\Main.cpp(1186,18): warning C4244: 'inicializando': conversión de 'double' a 'GLfloat'; posible pérdida de datos
C:\Users\52553\Desktop\315337969_ProyectoFinal_Grupo9\ProyectoFinal\ProyectoFinal\Main.cpp(1188,10): warning C4244: '=': conversión de 'double' a 'GLfloat'; posible pérdida de datos
C:\Users\52553\Desktop\315337969_ProyectoFinal_Grupo9\ProyectoFinal\ProyectoFinal\Main.cpp(1189,10): warning C4244: '=': conversión de 'double' a 'GLfloat'; posible pérdida de datos
soil2-debug.lib(SOIL2.obj) : warning LNK4075: se omite '/EDITANDCONTINUE' debido a la especificación '/OPT:ICF'
LINK : warning LNK4098: la biblioteca predeterminada'MSVCRTD' entra en conflicto con otras bibliotecas; use la biblioteca /NODEFAULTLIB:biblioteca
  Generando código
  Previous IPDB not found, fall back to full compilation.
  All 638 functions were compiled because no usable IPDB/IOBJ from previous compilation was found.
  Generación de código finalizada
soil2-debug.lib(etc1_utils.obj) : warning LNK4099: no se encontró PDB 'soil2-debug.pdb' con 'soil2-debug.lib(etc1_utils.obj)' o en 'C:\Users\52553\Desktop\315337969_ProyectoFinal_Grupo9\ProyectoFinal\Release\soil2-debug.pdb'; se vinculará el objeto sin tener en cuenta información de depuración
soil2-debug.lib(image_DXT.obj) : warning LNK4099: no se encontró PDB 'soil2-debug.pdb' con 'soil2-debug.lib(image_DXT.obj)' o en 'C:\Users\52553\Desktop\315337969_ProyectoFinal_Grupo9\ProyectoFinal\Release\soil2-debug.pdb'; se vinculará el objeto sin tener en cuenta información de depuración
soil2-debug.lib(image_helper.obj) : warning LNK4099: no se encontró PDB 'soil2-debug.pdb' con 'soil2-debug.lib(image_helper.obj)' o en 'C:\Users\52553\Desktop\315337969_ProyectoFinal_Grupo9\ProyectoFinal\Release\soil2-debug.pdb'; se vinculará el objeto sin tener en cuenta información de depuración
soil2-debug.lib(SOIL2.obj) : warning LNK4099: no se encontró PDB 'soil2-debug.pdb' con 'soil2-debug.lib(SOIL2.obj)' o en 'C:\Users\52553\Desktop\315337969_ProyectoFinal_Grupo9\ProyectoFinal\Release\soil2-debug.pdb'; se vinculará el objeto sin tener en cuenta información de depuración
  ProyectoFinal.vcxproj -> C:\Users\52553\Desktop\315337969_ProyectoFinal_Grupo9\ProyectoFinal\Release\ProyectoFinal.exe
